This is LuaHBTeX, Version 1.17.1 (MiKTeX 24.1) (format=lualatex 2025.11.28)  2 DEC 2025 14:19
 restricted system commands enabled.
 file:line:error style messages enabled.
**d:/DATN/KLTN/uet-graduation-latex-main/main
(d:/DATN/KLTN/uet-graduation-latex-main/main.tex
LaTeX2e <2023-11-01> patch level 1
L3 programming layer <2024-01-04>
Lua module: luaotfload 2023-08-31 3.26 Lua based OpenType font support
Lua module: lualibs 2023-07-13 2.76 ConTeXt Lua standard libraries.
Lua module: lualibs-extended 2023-07-13 2.76 ConTeXt Lua libraries -- extended c
ollection.
luaotfload | conf : Root cache directory is "C:/Users/Admin/AppData/Local/MiKTeX
/luatex-cache/generic/names".
luaotfload | init : Loading fontloader "fontloader-2023-08-19.lua" from kpse-res
olved path "C:/Users/Admin/AppData/Local/Programs/MiKTeX/tex/luatex/luaotfload/f
ontloader-2023-08-19.lua".
Lua-only attribute luaotfload@noligature = 1
luaotfload | init : Context OpenType loader version 3.133
Inserting `luaotfload.node_processor' in `pre_linebreak_filter'.
Inserting `luaotfload.node_processor' in `hpack_filter'.
Inserting `luaotfload.glyph_stream' in `glyph_stream_provider'.
Inserting `luaotfload.define_font' in `define_font'.
Lua-only attribute luaotfload_color_attribute = 2
luaotfload | conf : Root cache directory is "C:/Users/Admin/AppData/Local/MiKTeX
/luatex-cache/generic/names".
Inserting `luaotfload.harf.strip_prefix' in `find_opentype_file'.
Inserting `luaotfload.harf.strip_prefix' in `find_truetype_file'.
Removing  `luaotfload.glyph_stream' from `glyph_stream_provider'.
Inserting `luaotfload.harf.glyphstream' in `glyph_stream_provider'.
Inserting `luaotfload.harf.finalize_vlist' in `post_linebreak_filter'.
Inserting `luaotfload.harf.finalize_hlist' in `hpack_filter'.
Inserting `luaotfload.cleanup_files' in `wrapup_run'.
Inserting `luaotfload.harf.finalize_unicode' in `finish_pdffile'.
Inserting `luaotfload.glyphinfo' in `glyph_info'.
Lua-only attribute luaotfload.letterspace_done = 3
Inserting `luaotfload.aux.set_sscale_dimens' in `luaotfload.patch_font'.
Inserting `luaotfload.aux.set_font_index' in `luaotfload.patch_font'.
Inserting `luaotfload.aux.patch_cambria_domh' in `luaotfload.patch_font'.
Inserting `luaotfload.aux.fixup_fontdata' in `luaotfload.patch_font_unsafe'.
Inserting `luaotfload.aux.set_capheight' in `luaotfload.patch_font'.
Inserting `luaotfload.aux.set_xheight' in `luaotfload.patch_font'.
Inserting `luaotfload.rewrite_fontname' in `luaotfload.patch_font'.
Inserting `tracingstacklevels' in `input_level_string'. (./uetgraduation.cls
Document Class: uetgraduation 2024/12/31 LaTeX document class for Vietnam Natio
nal University, University of Engineering and Technology (VNU-UET) graduation d
ocuments. 
(./sizes.clo
File: sizes.clo 
\@sb=\dimen139
luaotfload | db : Font names database loaded from C:/Users/Admin/AppData/Local/M
iKTeX/luatex-cache/generic/names/luaotfload-names.luc.gz)
(C:/Users/Admin/AppData/Local/Programs/MiKTeX/tex/latex/amsmath/amsmath.sty
Package: amsmath 2023/05/13 v2.17o AMS math features
\@mathmargin=\skip48

For additional information on amsmath, use the `?' option.
(C:/Users/Admin/AppData/Local/Programs/MiKTeX/tex/latex/amsmath/amstext.sty
Package: amstext 2021/08/26 v2.01 AMS text

(C:/Users/Admin/AppData/Local/Programs/MiKTeX/tex/latex/amsmath/amsgen.sty
File: amsgen.sty 1999/11/30 v2.0 generic functions
\@emptytoks=\toks17
\ex@=\dimen140
))
(C:/Users/Admin/AppData/Local/Programs/MiKTeX/tex/latex/amsmath/amsbsy.sty
Package: amsbsy 1999/11/29 v1.2d Bold Symbols
\pmbraise@=\dimen141
)
(C:/Users/Admin/AppData/Local/Programs/MiKTeX/tex/latex/amsmath/amsopn.sty
Package: amsopn 2022/04/08 v2.04 operator names
)
\inf@bad=\count185
LaTeX Info: Redefining \frac on input line 236.
\uproot@=\count186
\leftroot@=\count187
LaTeX Info: Redefining \overline on input line 399.
LaTeX Info: Redefining \colon on input line 410.
\classnum@=\count188
\DOTSCASE@=\count189
LaTeX Info: Redefining \ldots on input line 496.
LaTeX Info: Redefining \dots on input line 499.
LaTeX Info: Redefining \cdots on input line 620.
\Mathstrutbox@=\box51
\strutbox@=\box52
LaTeX Info: Redefining \big on input line 722.
LaTeX Info: Redefining \Big on input line 723.
LaTeX Info: Redefining \bigg on input line 724.
LaTeX Info: Redefining \Bigg on input line 725.
\big@size=\dimen142
LaTeX Font Info:    Redeclaring font encoding OML on input line 743.
LaTeX Font Info:    Redeclaring font encoding OMS on input line 744.
\macc@depth=\count190
LaTeX Info: Redefining \bmod on input line 905.
LaTeX Info: Redefining \pmod on input line 910.
LaTeX Info: Redefining \smash on input line 940.
LaTeX Info: Redefining \relbar on input line 970.
LaTeX Info: Redefining \Relbar on input line 971.
\c@MaxMatrixCols=\count191
\dotsspace@=\muskip16
\c@parentequation=\count192
\dspbrk@lvl=\count193
\tag@help=\toks18
\row@=\count194
\column@=\count195
\maxfields@=\count196
\andhelp@=\toks19
\eqnshift@=\dimen143
\alignsep@=\dimen144
\tagshift@=\dimen145
\tagwidth@=\dimen146
\totwidth@=\dimen147
\lineht@=\dimen148
\@envbody=\toks20
\multlinegap=\skip49
\multlinetaggap=\skip50
\mathdisplay@stack=\toks21
LaTeX Info: Redefining \[ on input line 2953.
LaTeX Info: Redefining \] on input line 2954.
)
(C:/Users/Admin/AppData/Local/Programs/MiKTeX/tex/latex/float/float.sty
Package: float 2001/11/08 v1.3d Float enhancements (AL)
\c@float@type=\count197
\float@exts=\toks22
\float@box=\box53
\@float@everytoks=\toks23
\@floatcapt=\box54
)
(C:/Users/Admin/AppData/Local/Programs/MiKTeX/tex/latex/geometry/geometry.sty
Package: geometry 2020/01/02 v5.9 Page Geometry

(C:/Users/Admin/AppData/Local/Programs/MiKTeX/tex/latex/graphics/keyval.sty
Package: keyval 2022/05/29 v1.15 key=value parser (DPC)
\KV@toks@=\toks24
)
(C:/Users/Admin/AppData/Local/Programs/MiKTeX/tex/generic/iftex/ifvtex.sty
Package: ifvtex 2019/10/25 v1.7 ifvtex legacy package. Use iftex instead.

(C:/Users/Admin/AppData/Local/Programs/MiKTeX/tex/generic/iftex/iftex.sty
Package: iftex 2022/02/03 v1.0f TeX engine tests
))
\Gm@cnth=\count198
\Gm@cntv=\count199
\c@Gm@tempcnt=\count266
\Gm@bindingoffset=\dimen149
\Gm@wd@mp=\dimen150
\Gm@odd@mp=\dimen151
\Gm@even@mp=\dimen152
\Gm@layoutwidth=\dimen153
\Gm@layoutheight=\dimen154
\Gm@layouthoffset=\dimen155
\Gm@layoutvoffset=\dimen156
\Gm@dimlist=\toks25

(C:/Users/Admin/AppData/Local/Programs/MiKTeX/tex/latex/geometry/geometry.cfg)) (C:/Users/Admin/AppData/Local/Programs/MiKTeX/tex/latex/fontspec/fontspec.sty
(C:/Users/Admin/AppData/Local/Programs/MiKTeX/tex/latex/l3packages/xparse/xpars
e.sty
(C:/Users/Admin/AppData/Local/Programs/MiKTeX/tex/latex/l3kernel/expl3.sty
Package: expl3 2024-01-04 L3 programming layer (loader) 

(C:/Users/Admin/AppData/Local/Programs/MiKTeX/tex/latex/l3backend/l3backend-lua
tex.def
File: l3backend-luatex.def 2024-01-04 L3 backend support: PDF output (LuaTeX)
\l__color_backend_stack_int=\count267
Inserting `l3color' in `luaotfload.parse_color'.
\l__pdf_internal_box=\box55
))
Package: xparse 2023-10-10 L3 Experimental document command parser
)
Package: fontspec 2022/01/15 v2.8a Font selection for XeLaTeX and LuaLaTeX
Lua module: fontspec 2022/01/15 2.8a Font selection for XeLaTeX and LuaLaTeX
(C:/Users/Admin/AppData/Local/Programs/MiKTeX/tex/latex/fontspec/fontspec-luate
x.sty
Package: fontspec-luatex 2022/01/15 v2.8a Font selection for XeLaTeX and LuaLaT
eX
\l__fontspec_script_int=\count268
\l__fontspec_language_int=\count269
\l__fontspec_strnum_int=\count270
\l__fontspec_tmp_int=\count271
\l__fontspec_tmpa_int=\count272
\l__fontspec_tmpb_int=\count273
\l__fontspec_tmpc_int=\count274
\l__fontspec_em_int=\count275
\l__fontspec_emdef_int=\count276
\l__fontspec_strong_int=\count277
\l__fontspec_strongdef_int=\count278
\l__fontspec_tmpa_dim=\dimen157
\l__fontspec_tmpb_dim=\dimen158
\l__fontspec_tmpc_dim=\dimen159
 (C:/Users/Admin/AppData/Local/Programs/MiKTeX/tex/latex/base/fontenc.sty
Package: fontenc 2021/04/29 v2.0v Standard LaTeX package
) (C:/Users/Admin/AppData/Local/Programs/MiKTeX/tex/latex/fontspec/fontspec.cfg
)))
(C:/Users/Admin/AppData/Local/Programs/MiKTeX/tex/latex/graphics/graphicx.sty
Package: graphicx 2021/09/16 v1.2d Enhanced LaTeX Graphics (DPC,SPQR)

(C:/Users/Admin/AppData/Local/Programs/MiKTeX/tex/latex/graphics/graphics.sty
Package: graphics 2022/03/10 v1.4e Standard LaTeX Graphics (DPC,SPQR)

(C:/Users/Admin/AppData/Local/Programs/MiKTeX/tex/latex/graphics/trig.sty
Package: trig 2021/08/11 v1.11 sin cos tan (DPC)
)
(C:/Users/Admin/AppData/Local/Programs/MiKTeX/tex/latex/graphics-cfg/graphics.c
fg
File: graphics.cfg 2016/06/04 v1.11 sample graphics configuration
)
Package graphics Info: Driver file: luatex.def on input line 107.

(C:/Users/Admin/AppData/Local/Programs/MiKTeX/tex/latex/graphics-def/luatex.def
File: luatex.def 2022/09/22 v1.2d Graphics/color driver for luatex
))
\Gin@req@height=\dimen160
\Gin@req@width=\dimen161
) (C:/Users/Admin/AppData/Local/Programs/MiKTeX/tex/latex/was/icomma.sty
Package: icomma 2002/03/10 v2.0 (WaS)
)
(C:/Users/Admin/AppData/Local/Programs/MiKTeX/tex/latex/tools/indentfirst.sty
Package: indentfirst 2023/07/02 v1.03 Indent first paragraph (DPC)
)
(C:/Users/Admin/AppData/Local/Programs/MiKTeX/tex/latex/mathfont/mathfont.sty
Package: mathfont 2025/06/05 v. 2.4a
\M@loader=\count279
Package mathfont Info: Package fontspec was requested for font loading.
Package mathfont Info: Package fontspec detected.
Package mathfont Info: Setting \g__fontspec_math_bool to false.
Package mathfont Info: Using fontspec as font-loader.
Package mathfont Info: Enabling Lua-based font adjustments.
Package mathfont Info: Adapting \set@mathchar for unicode.
Package mathfont Info: Adapting \set@mathsymbol for unicode.
Package mathfont Info: Adapting \set@mathaccent for unicode.
Package mathfont Info: Increasing upper bound on \DeclareSymbolFont to 256.
\surdbox=\box56
\M@count=\count280
\M@num@localfonts=\count281
\M@RuleThicknessFactor=\count282
\M@IntegralItalicFactor=\count283
\M@SurdVerticalFactor=\count284
\M@SurdHorizontalFactor=\count285
\radicandoffset=\muskip17
\M@Charm=\read2
\M@toks=\toks26
Inserting `mathfont.adjust_font' in `luaotfload.patch_font'.)
:: mathfont :: Using fontspec as font-loader.
:: mathfont :: Lua-based font adjustments enabled.
(C:/Users/Admin/AppData/Local/Programs/MiKTeX/tex/latex/siunitx/siunitx.sty
Package: siunitx 2025-07-09 v3.4.14 A comprehensive (SI) units package
\l__siunitx_number_uncert_offset_int=\count286
\l__siunitx_number_exponent_fixed_int=\count287
\l__siunitx_number_min_decimal_int=\count288
\l__siunitx_number_min_integer_int=\count289
\l__siunitx_number_round_precision_int=\count290
\l__siunitx_number_lower_threshold_int=\count291
\l__siunitx_number_upper_threshold_int=\count292
\l__siunitx_number_group_first_int=\count293
\l__siunitx_number_group_size_int=\count294
\l__siunitx_number_group_minimum_int=\count295
\l__siunitx_angle_tmp_dim=\dimen162
\l__siunitx_angle_marker_box=\box57
\l__siunitx_angle_unit_box=\box58
\l__siunitx_compound_count_int=\count296

(C:/Users/Admin/AppData/Local/Programs/MiKTeX/tex/latex/translations/translatio
ns.sty
Package: translations 2022/02/05 v1.12 internationalization of LaTeX2e packages
 (CN)

(C:/Users/Admin/AppData/Local/Programs/MiKTeX/tex/latex/etoolbox/etoolbox.sty
Package: etoolbox 2020/10/05 v2.5k e-TeX tools for LaTeX (JAW)
\etb@tempcnta=\count297
)
(C:/Users/Admin/AppData/Local/Programs/MiKTeX/tex/generic/pdftexcmds/pdftexcmds
.sty
Package: pdftexcmds 2020-06-27 v0.33 Utility functions of pdfTeX for LuaTeX (HO
)

(C:/Users/Admin/AppData/Local/Programs/MiKTeX/tex/generic/infwarerr/infwarerr.s
ty
Package: infwarerr 2019/12/03 v1.5 Providing info/warning/error messages (HO)
)
(C:/Users/Admin/AppData/Local/Programs/MiKTeX/tex/generic/ltxcmds/ltxcmds.sty
Package: ltxcmds 2023-12-04 v1.26 LaTeX kernel commands for general use (HO)
)
Package pdftexcmds Info: \pdf@primitive is available.
Package pdftexcmds Info: \pdf@ifprimitive is available.
Package pdftexcmds Info: \pdfdraftmode found.
\pdftexcmds@toks=\toks27
))
\l__siunitx_table_tmp_box=\box59
\l__siunitx_table_tmp_dim=\dimen163
\l__siunitx_table_column_width_dim=\dimen164
\l__siunitx_table_integer_box=\box60
\l__siunitx_table_decimal_box=\box61
\l__siunitx_table_uncert_box=\box62
\l__siunitx_table_before_box=\box63
\l__siunitx_table_after_box=\box64
\l__siunitx_table_before_dim=\dimen165
\l__siunitx_table_carry_dim=\dimen166
\l__siunitx_unit_tmp_int=\count298
\l__siunitx_unit_position_int=\count299
\l__siunitx_unit_total_int=\count300
 (C:/Users/Admin/AppData/Local/Programs/MiKTeX/tex/latex/tools/array.sty
Package: array 2023/10/16 v2.5g Tabular extension package (FMi)
\col@sep=\dimen167
\ar@mcellbox=\box65
\extrarowheight=\dimen168
\NC@list=\toks28
\extratabsurround=\skip51
\backup@length=\skip52
\ar@cellbox=\box66
))
(C:/Users/Admin/AppData/Local/Programs/MiKTeX/tex/latex/pgf/frontendlayer/tikz.
sty
(C:/Users/Admin/AppData/Local/Programs/MiKTeX/tex/latex/pgf/basiclayer/pgf.sty
(C:/Users/Admin/AppData/Local/Programs/MiKTeX/tex/latex/pgf/utilities/pgfrcs.st
y
(C:/Users/Admin/AppData/Local/Programs/MiKTeX/tex/generic/pgf/utilities/pgfutil
-common.tex
\pgfutil@everybye=\toks29
\pgfutil@tempdima=\dimen169
\pgfutil@tempdimb=\dimen170
)
(C:/Users/Admin/AppData/Local/Programs/MiKTeX/tex/generic/pgf/utilities/pgfutil
-latex.def
\pgfutil@abb=\box67
)
(C:/Users/Admin/AppData/Local/Programs/MiKTeX/tex/generic/pgf/utilities/pgfrcs.
code.tex
(C:/Users/Admin/AppData/Local/Programs/MiKTeX/tex/generic/pgf/pgf.revision.tex)
Package: pgfrcs 2023-01-15 v3.1.10 (3.1.10)
))
Package: pgf 2023-01-15 v3.1.10 (3.1.10)

(C:/Users/Admin/AppData/Local/Programs/MiKTeX/tex/latex/pgf/basiclayer/pgfcore.
sty
(C:/Users/Admin/AppData/Local/Programs/MiKTeX/tex/latex/pgf/systemlayer/pgfsys.
sty
(C:/Users/Admin/AppData/Local/Programs/MiKTeX/tex/generic/pgf/systemlayer/pgfsy
s.code.tex
Package: pgfsys 2023-01-15 v3.1.10 (3.1.10)

(C:/Users/Admin/AppData/Local/Programs/MiKTeX/tex/generic/pgf/utilities/pgfkeys
.code.tex
\pgfkeys@pathtoks=\toks30
\pgfkeys@temptoks=\toks31

(C:/Users/Admin/AppData/Local/Programs/MiKTeX/tex/generic/pgf/utilities/pgfkeys
libraryfiltered.code.tex
\pgfkeys@tmptoks=\toks32
))
\pgf@x=\dimen171
\pgf@y=\dimen172
\pgf@xa=\dimen173
\pgf@ya=\dimen174
\pgf@xb=\dimen175
\pgf@yb=\dimen176
\pgf@xc=\dimen177
\pgf@yc=\dimen178
\pgf@xd=\dimen179
\pgf@yd=\dimen180
\w@pgf@writea=\write3
\r@pgf@reada=\read3
\c@pgf@counta=\count301
\c@pgf@countb=\count302
\c@pgf@countc=\count303
\c@pgf@countd=\count304
\t@pgf@toka=\toks33
\t@pgf@tokb=\toks34
\t@pgf@tokc=\toks35
\pgf@sys@id@count=\count305

(C:/Users/Admin/AppData/Local/Programs/MiKTeX/tex/generic/pgf/systemlayer/pgf.c
fg
File: pgf.cfg 2023-01-15 v3.1.10 (3.1.10)
)
Driver file for pgf: pgfsys-luatex.def

(C:/Users/Admin/AppData/Local/Programs/MiKTeX/tex/generic/pgf/systemlayer/pgfsy
s-luatex.def
File: pgfsys-luatex.def 2023-01-15 v3.1.10 (3.1.10)

(C:/Users/Admin/AppData/Local/Programs/MiKTeX/tex/generic/pgf/systemlayer/pgfsy
s-common-pdf.def
File: pgfsys-common-pdf.def 2023-01-15 v3.1.10 (3.1.10)
)))
(C:/Users/Admin/AppData/Local/Programs/MiKTeX/tex/generic/pgf/systemlayer/pgfsy
ssoftpath.code.tex
File: pgfsyssoftpath.code.tex 2023-01-15 v3.1.10 (3.1.10)
\pgfsyssoftpath@smallbuffer@items=\count306
\pgfsyssoftpath@bigbuffer@items=\count307
)
(C:/Users/Admin/AppData/Local/Programs/MiKTeX/tex/generic/pgf/systemlayer/pgfsy
sprotocol.code.tex
File: pgfsysprotocol.code.tex 2023-01-15 v3.1.10 (3.1.10)
))
(C:/Users/Admin/AppData/Local/Programs/MiKTeX/tex/latex/xcolor/xcolor.sty
Package: xcolor 2023/11/15 v3.01 LaTeX color extensions (UK)

(C:/Users/Admin/AppData/Local/Programs/MiKTeX/tex/latex/graphics-cfg/color.cfg
File: color.cfg 2016/01/02 v1.6 sample color configuration
)
Package xcolor Info: Driver file: luatex.def on input line 274.
(C:/Users/Admin/AppData/Local/Programs/MiKTeX/tex/latex/graphics/mathcolor.ltx)
Package xcolor Info: Model `cmy' substituted by `cmy0' on input line 1350.
Package xcolor Info: Model `hsb' substituted by `rgb' on input line 1354.
Package xcolor Info: Model `RGB' extended on input line 1366.
Package xcolor Info: Model `HTML' substituted by `rgb' on input line 1368.
Package xcolor Info: Model `Hsb' substituted by `hsb' on input line 1369.
Package xcolor Info: Model `tHsb' substituted by `hsb' on input line 1370.
Package xcolor Info: Model `HSB' substituted by `hsb' on input line 1371.
Package xcolor Info: Model `Gray' substituted by `gray' on input line 1372.
Package xcolor Info: Model `wave' substituted by `hsb' on input line 1373.
)
(C:/Users/Admin/AppData/Local/Programs/MiKTeX/tex/generic/pgf/basiclayer/pgfcor
e.code.tex
Package: pgfcore 2023-01-15 v3.1.10 (3.1.10)

(C:/Users/Admin/AppData/Local/Programs/MiKTeX/tex/generic/pgf/math/pgfmath.code
.tex
(C:/Users/Admin/AppData/Local/Programs/MiKTeX/tex/generic/pgf/math/pgfmathutil.
code.tex)
(C:/Users/Admin/AppData/Local/Programs/MiKTeX/tex/generic/pgf/math/pgfmathparse
r.code.tex
\pgfmath@dimen=\dimen181
\pgfmath@count=\count308
\pgfmath@box=\box68
\pgfmath@toks=\toks36
\pgfmath@stack@operand=\toks37
\pgfmath@stack@operation=\toks38
)
(C:/Users/Admin/AppData/Local/Programs/MiKTeX/tex/generic/pgf/math/pgfmathfunct
ions.code.tex)
(C:/Users/Admin/AppData/Local/Programs/MiKTeX/tex/generic/pgf/math/pgfmathfunct
ions.basic.code.tex)
(C:/Users/Admin/AppData/Local/Programs/MiKTeX/tex/generic/pgf/math/pgfmathfunct
ions.trigonometric.code.tex)
(C:/Users/Admin/AppData/Local/Programs/MiKTeX/tex/generic/pgf/math/pgfmathfunct
ions.random.code.tex)
(C:/Users/Admin/AppData/Local/Programs/MiKTeX/tex/generic/pgf/math/pgfmathfunct
ions.comparison.code.tex)
(C:/Users/Admin/AppData/Local/Programs/MiKTeX/tex/generic/pgf/math/pgfmathfunct
ions.base.code.tex)
(C:/Users/Admin/AppData/Local/Programs/MiKTeX/tex/generic/pgf/math/pgfmathfunct
ions.round.code.tex)
(C:/Users/Admin/AppData/Local/Programs/MiKTeX/tex/generic/pgf/math/pgfmathfunct
ions.misc.code.tex)
(C:/Users/Admin/AppData/Local/Programs/MiKTeX/tex/generic/pgf/math/pgfmathfunct
ions.integerarithmetics.code.tex)
(C:/Users/Admin/AppData/Local/Programs/MiKTeX/tex/generic/pgf/math/pgfmathcalc.
code.tex)
(C:/Users/Admin/AppData/Local/Programs/MiKTeX/tex/generic/pgf/math/pgfmathfloat
.code.tex
\c@pgfmathroundto@lastzeros=\count309
))
(C:/Users/Admin/AppData/Local/Programs/MiKTeX/tex/generic/pgf/math/pgfint.code.
tex)
(C:/Users/Admin/AppData/Local/Programs/MiKTeX/tex/generic/pgf/basiclayer/pgfcor
epoints.code.tex
File: pgfcorepoints.code.tex 2023-01-15 v3.1.10 (3.1.10)
\pgf@picminx=\dimen182
\pgf@picmaxx=\dimen183
\pgf@picminy=\dimen184
\pgf@picmaxy=\dimen185
\pgf@pathminx=\dimen186
\pgf@pathmaxx=\dimen187
\pgf@pathminy=\dimen188
\pgf@pathmaxy=\dimen189
\pgf@xx=\dimen190
\pgf@xy=\dimen191
\pgf@yx=\dimen192
\pgf@yy=\dimen193
\pgf@zx=\dimen194
\pgf@zy=\dimen195
)
(C:/Users/Admin/AppData/Local/Programs/MiKTeX/tex/generic/pgf/basiclayer/pgfcor
epathconstruct.code.tex
File: pgfcorepathconstruct.code.tex 2023-01-15 v3.1.10 (3.1.10)
\pgf@path@lastx=\dimen196
\pgf@path@lasty=\dimen197
)
(C:/Users/Admin/AppData/Local/Programs/MiKTeX/tex/generic/pgf/basiclayer/pgfcor
epathusage.code.tex
File: pgfcorepathusage.code.tex 2023-01-15 v3.1.10 (3.1.10)
\pgf@shorten@end@additional=\dimen198
\pgf@shorten@start@additional=\dimen199
)
(C:/Users/Admin/AppData/Local/Programs/MiKTeX/tex/generic/pgf/basiclayer/pgfcor
escopes.code.tex
File: pgfcorescopes.code.tex 2023-01-15 v3.1.10 (3.1.10)
\pgfpic=\box69
\pgf@hbox=\box70
\pgf@layerbox@main=\box71
\pgf@picture@serial@count=\count310
)
(C:/Users/Admin/AppData/Local/Programs/MiKTeX/tex/generic/pgf/basiclayer/pgfcor
egraphicstate.code.tex
File: pgfcoregraphicstate.code.tex 2023-01-15 v3.1.10 (3.1.10)
\pgflinewidth=\dimen256
)
(C:/Users/Admin/AppData/Local/Programs/MiKTeX/tex/generic/pgf/basiclayer/pgfcor
etransformations.code.tex
File: pgfcoretransformations.code.tex 2023-01-15 v3.1.10 (3.1.10)
\pgf@pt@x=\dimen257
\pgf@pt@y=\dimen258
\pgf@pt@temp=\dimen259
)
(C:/Users/Admin/AppData/Local/Programs/MiKTeX/tex/generic/pgf/basiclayer/pgfcor
equick.code.tex
File: pgfcorequick.code.tex 2023-01-15 v3.1.10 (3.1.10)
)
(C:/Users/Admin/AppData/Local/Programs/MiKTeX/tex/generic/pgf/basiclayer/pgfcor
eobjects.code.tex
File: pgfcoreobjects.code.tex 2023-01-15 v3.1.10 (3.1.10)
)
(C:/Users/Admin/AppData/Local/Programs/MiKTeX/tex/generic/pgf/basiclayer/pgfcor
epathprocessing.code.tex
File: pgfcorepathprocessing.code.tex 2023-01-15 v3.1.10 (3.1.10)
)
(C:/Users/Admin/AppData/Local/Programs/MiKTeX/tex/generic/pgf/basiclayer/pgfcor
earrows.code.tex
File: pgfcorearrows.code.tex 2023-01-15 v3.1.10 (3.1.10)
\pgfarrowsep=\dimen260
)
(C:/Users/Admin/AppData/Local/Programs/MiKTeX/tex/generic/pgf/basiclayer/pgfcor
eshade.code.tex
File: pgfcoreshade.code.tex 2023-01-15 v3.1.10 (3.1.10)
\pgf@max=\dimen261
\pgf@sys@shading@range@num=\count311
\pgf@shadingcount=\count312
)
(C:/Users/Admin/AppData/Local/Programs/MiKTeX/tex/generic/pgf/basiclayer/pgfcor
eimage.code.tex
File: pgfcoreimage.code.tex 2023-01-15 v3.1.10 (3.1.10)
)
(C:/Users/Admin/AppData/Local/Programs/MiKTeX/tex/generic/pgf/basiclayer/pgfcor
eexternal.code.tex
File: pgfcoreexternal.code.tex 2023-01-15 v3.1.10 (3.1.10)
\pgfexternal@startupbox=\box72
)
(C:/Users/Admin/AppData/Local/Programs/MiKTeX/tex/generic/pgf/basiclayer/pgfcor
elayers.code.tex
File: pgfcorelayers.code.tex 2023-01-15 v3.1.10 (3.1.10)
)
(C:/Users/Admin/AppData/Local/Programs/MiKTeX/tex/generic/pgf/basiclayer/pgfcor
etransparency.code.tex
File: pgfcoretransparency.code.tex 2023-01-15 v3.1.10 (3.1.10)
)
(C:/Users/Admin/AppData/Local/Programs/MiKTeX/tex/generic/pgf/basiclayer/pgfcor
epatterns.code.tex
File: pgfcorepatterns.code.tex 2023-01-15 v3.1.10 (3.1.10)
)
(C:/Users/Admin/AppData/Local/Programs/MiKTeX/tex/generic/pgf/basiclayer/pgfcor
erdf.code.tex
File: pgfcorerdf.code.tex 2023-01-15 v3.1.10 (3.1.10)
)))
(C:/Users/Admin/AppData/Local/Programs/MiKTeX/tex/generic/pgf/modules/pgfmodule
shapes.code.tex
File: pgfmoduleshapes.code.tex 2023-01-15 v3.1.10 (3.1.10)
\pgfnodeparttextbox=\box73
)
(C:/Users/Admin/AppData/Local/Programs/MiKTeX/tex/generic/pgf/modules/pgfmodule
plot.code.tex
File: pgfmoduleplot.code.tex 2023-01-15 v3.1.10 (3.1.10)
)
(C:/Users/Admin/AppData/Local/Programs/MiKTeX/tex/latex/pgf/compatibility/pgfco
mp-version-0-65.sty
Package: pgfcomp-version-0-65 2023-01-15 v3.1.10 (3.1.10)
\pgf@nodesepstart=\dimen262
\pgf@nodesepend=\dimen263
)
(C:/Users/Admin/AppData/Local/Programs/MiKTeX/tex/latex/pgf/compatibility/pgfco
mp-version-1-18.sty
Package: pgfcomp-version-1-18 2023-01-15 v3.1.10 (3.1.10)
))
(C:/Users/Admin/AppData/Local/Programs/MiKTeX/tex/latex/pgf/utilities/pgffor.st
y
(C:/Users/Admin/AppData/Local/Programs/MiKTeX/tex/latex/pgf/utilities/pgfkeys.s
ty
(C:/Users/Admin/AppData/Local/Programs/MiKTeX/tex/generic/pgf/utilities/pgfkeys
.code.tex))
(C:/Users/Admin/AppData/Local/Programs/MiKTeX/tex/latex/pgf/math/pgfmath.sty
(C:/Users/Admin/AppData/Local/Programs/MiKTeX/tex/generic/pgf/math/pgfmath.code
.tex))
(C:/Users/Admin/AppData/Local/Programs/MiKTeX/tex/generic/pgf/utilities/pgffor.
code.tex
Package: pgffor 2023-01-15 v3.1.10 (3.1.10)
\pgffor@iter=\dimen264
\pgffor@skip=\dimen265
\pgffor@stack=\toks39
\pgffor@toks=\toks40
))
(C:/Users/Admin/AppData/Local/Programs/MiKTeX/tex/generic/pgf/frontendlayer/tik
z/tikz.code.tex
Package: tikz 2023-01-15 v3.1.10 (3.1.10)

(C:/Users/Admin/AppData/Local/Programs/MiKTeX/tex/generic/pgf/libraries/pgflibr
aryplothandlers.code.tex
File: pgflibraryplothandlers.code.tex 2023-01-15 v3.1.10 (3.1.10)
\pgf@plot@mark@count=\count313
\pgfplotmarksize=\dimen266
)
\tikz@lastx=\dimen267
\tikz@lasty=\dimen268
\tikz@lastxsaved=\dimen269
\tikz@lastysaved=\dimen270
\tikz@lastmovetox=\dimen271
\tikz@lastmovetoy=\dimen272
\tikzleveldistance=\dimen273
\tikzsiblingdistance=\dimen274
\tikz@figbox=\box74
\tikz@figbox@bg=\box75
\tikz@tempbox=\box76
\tikz@tempbox@bg=\box77
\tikztreelevel=\count314
\tikznumberofchildren=\count315
\tikznumberofcurrentchild=\count316
\tikz@fig@count=\count317

(C:/Users/Admin/AppData/Local/Programs/MiKTeX/tex/generic/pgf/modules/pgfmodule
matrix.code.tex
File: pgfmodulematrix.code.tex 2023-01-15 v3.1.10 (3.1.10)
\pgfmatrixcurrentrow=\count318
\pgfmatrixcurrentcolumn=\count319
\pgf@matrix@numberofcolumns=\count320
)
\tikz@expandcount=\count321

(C:/Users/Admin/AppData/Local/Programs/MiKTeX/tex/generic/pgf/frontendlayer/tik
z/libraries/tikzlibrarytopaths.code.tex
File: tikzlibrarytopaths.code.tex 2023-01-15 v3.1.10 (3.1.10)
)))
(C:/Users/Admin/AppData/Local/Programs/MiKTeX/tex/generic/pgf/frontendlayer/tik
z/libraries/tikzlibrarycalc.code.tex
File: tikzlibrarycalc.code.tex 2023-01-15 v3.1.10 (3.1.10)
)
Inserting `custom_math_constants' in `mathfont.add_math_constants'.
luaotfload | cache : Lookup cache loaded from C:/Users/Admin/AppData/Local/MiKTe
X/luatex-cache/generic/names/luaotfload-lookup-cache.luc.
Package mathfont Info: Adjusting font Times New Roman.
Package mathfont Info: Adjusting font Times New Roman.
Package mathfont Info: Adjusting font Times New Roman.
Package mathfont Info: Adjusting font Times New Roman Bold Italic.
Package mathfont Info: Adjusting font Times New Roman Bold.
Package mathfont Info: Adjusting font Times New Roman Italic.
Package mathfont Info: Adjusting font Times New Roman.
Package mathfont Info: Adjusting font Times New Roman Bold.
Package mathfont Info: Adjusting font Times New Roman Italic.
Package mathfont Info: Adjusting font Times New Roman Bold Italic.

Package fontspec Info: Font family 'TimesNewRoman(0)' created for font 'Times
(fontspec)             New Roman' with options [Ligatures=TeX].
(fontspec)              
(fontspec)              This font family consists of the following NFSS
(fontspec)             series/shapes:
(fontspec)              
(fontspec)             - 'normal' (m/n) with NFSS spec.:
(fontspec)             <->"TimesNewRoman:mode=node;script=latn;language=dflt;+t
lig;"
(fontspec)             - 'small caps'  (m/sc) with NFSS spec.:
(fontspec)             <->"TimesNewRoman:mode=node;script=latn;language=dflt;+t
lig;+smcp;"
(fontspec)             - 'bold' (b/n) with NFSS spec.:
(fontspec)             <->"TimesNewRoman/B:mode=node;script=latn;language=dflt;
+tlig;"
(fontspec)             - 'bold small caps'  (b/sc) with NFSS spec.:
(fontspec)             <->"TimesNewRoman/B:mode=node;script=latn;language=dflt;
+tlig;+smcp;"
(fontspec)             - 'italic' (m/it) with NFSS spec.:
(fontspec)             <->"TimesNewRoman/I:mode=node;script=latn;language=dflt;
+tlig;"
(fontspec)             - 'italic small caps'  (m/scit) with NFSS spec.:
(fontspec)             <->"TimesNewRoman/I:mode=node;script=latn;language=dflt;
+tlig;+smcp;"
(fontspec)             - 'bold italic' (b/it) with NFSS spec.:
(fontspec)             <->"TimesNewRoman/BI:mode=node;script=latn;language=dflt
;+tlig;"
(fontspec)             - 'bold italic small caps'  (b/scit) with NFSS spec.:
(fontspec)             <->"TimesNewRoman/BI:mode=node;script=latn;language=dflt
;+tlig;+smcp;"

Package mathfont Info: Adjusting font Times New Roman.
Package mathfont Info: 
Passing Times New Roman to fontspec for handling!
luaotfload | aux : font no 18 (nil) does not define feature liga for script latn
 with language dflt

Package fontspec Warning: OpenType feature 'Ligatures=TeX,Common' (liga) not
(fontspec)                available for font 'TimesNewRoman' with script
(fontspec)                'Latin' and language 'Default'.

luaotfload | aux : font no 23 (nil) does not define feature liga for script latn
 with language dflt

Package fontspec Warning: OpenType feature 'Ligatures=TeX,Common' (liga) not
(fontspec)                available for font 'TimesNewRoman' with script
(fontspec)                'Latin' and language 'Default'.

luaotfload | aux : font no 23 (nil) does not define feature liga for script latn
 with language dflt

Package fontspec Warning: OpenType feature 'Ligatures=TeX,Common' (liga) not
(fontspec)                available for font 'TimesNewRoman' with script
(fontspec)                'Latin' and language 'Default'.

luaotfload | aux : font no 24 (nil) does not define feature liga for script latn
 with language dflt

Package fontspec Warning: OpenType feature 'Ligatures=TeX,Common' (liga) not
(fontspec)                available for font 'TimesNewRoman/B' with script
(fontspec)                'Latin' and language 'Default'.

luaotfload | aux : font no 24 (nil) does not define feature liga for script latn
 with language dflt

Package fontspec Warning: OpenType feature 'Ligatures=TeX,Common' (liga) not
(fontspec)                available for font 'TimesNewRoman/B' with script
(fontspec)                'Latin' and language 'Default'.

luaotfload | aux : font no 25 (nil) does not define feature liga for script latn
 with language dflt

Package fontspec Warning: OpenType feature 'Ligatures=TeX,Common' (liga) not
(fontspec)                available for font 'TimesNewRoman/I' with script
(fontspec)                'Latin' and language 'Default'.

luaotfload | aux : font no 25 (nil) does not define feature liga for script latn
 with language dflt

Package fontspec Warning: OpenType feature 'Ligatures=TeX,Common' (liga) not
(fontspec)                available for font 'TimesNewRoman/I' with script
(fontspec)                'Latin' and language 'Default'.

luaotfload | aux : font no 26 (nil) does not define feature liga for script latn
 with language dflt

Package fontspec Warning: OpenType feature 'Ligatures=TeX,Common' (liga) not
(fontspec)                available for font 'TimesNewRoman/BI' with script
(fontspec)                'Latin' and language 'Default'.

luaotfload | aux : font no 26 (nil) does not define feature liga for script latn
 with language dflt

Package fontspec Warning: OpenType feature 'Ligatures=TeX,Common' (liga) not
(fontspec)                available for font 'TimesNewRoman/BI' with script
(fontspec)                'Latin' and language 'Default'.


Package fontspec Info: Font family 'TimesNewRoman(1)' created for font 'Times
(fontspec)             New Roman' with options
(fontspec)             [Script=Latin,Language=Default,Ligatures={TeX,Common},Nu
mbers=Lining].
(fontspec)              
(fontspec)              This font family consists of the following NFSS
(fontspec)             series/shapes:
(fontspec)              
(fontspec)             - 'normal' (m/n) with NFSS spec.:
(fontspec)             <->"TimesNewRoman:mode=node;script=latn;language=dflt;+t
lig;+lnum;"
(fontspec)             - 'small caps'  (m/sc) with NFSS spec.:
(fontspec)             <->"TimesNewRoman:mode=node;script=latn;language=dflt;+t
lig;+lnum;+smcp;"
(fontspec)             - 'bold' (b/n) with NFSS spec.:
(fontspec)             <->"TimesNewRoman/B:mode=node;script=latn;language=dflt;
+tlig;+lnum;"
(fontspec)             - 'bold small caps'  (b/sc) with NFSS spec.:
(fontspec)             <->"TimesNewRoman/B:mode=node;script=latn;language=dflt;
+tlig;+lnum;+smcp;"
(fontspec)             - 'italic' (m/it) with NFSS spec.:
(fontspec)             <->"TimesNewRoman/I:mode=node;script=latn;language=dflt;
+tlig;+lnum;"
(fontspec)             - 'italic small caps'  (m/scit) with NFSS spec.:
(fontspec)             <->"TimesNewRoman/I:mode=node;script=latn;language=dflt;
+tlig;+lnum;+smcp;"
(fontspec)             - 'bold italic' (b/it) with NFSS spec.:
(fontspec)             <->"TimesNewRoman/BI:mode=node;script=latn;language=dflt
;+tlig;+lnum;"
(fontspec)             - 'bold italic small caps'  (b/scit) with NFSS spec.:
(fontspec)             <->"TimesNewRoman/BI:mode=node;script=latn;language=dflt
;+tlig;+lnum;+smcp;"

Package mathfont Info: Passing Times New Roman with Renderer=Base to fontspec f
or handling!
Package mathfont Info: Adjusting font Times New Roman-2.
Package mathfont Info: Adjusting font Times New Roman-2.
luaotfload | aux : font no 29 (nil) does not define feature liga for script latn
 with language dflt

Package fontspec Warning: OpenType feature 'Ligatures=TeX,Common' (liga) not
(fontspec)                available for font 'TimesNewRoman' with script
(fontspec)                'Latin' and language 'Default'.

Package mathfont Info: Adjusting font Times New Roman-3.
Package mathfont Info: Adjusting font Times New Roman Bold Italic-4.
Package mathfont Info: Adjusting font Times New Roman Bold-3.
Package mathfont Info: Adjusting font Times New Roman Italic-4.
Package mathfont Info: Adjusting font Times New Roman-3.
luaotfload | aux : font no 34 (nil) does not define feature liga for script latn
 with language dflt

Package fontspec Warning: OpenType feature 'Ligatures=TeX,Common' (liga) not
(fontspec)                available for font 'TimesNewRoman' with script
(fontspec)                'Latin' and language 'Default'.

luaotfload | aux : font no 34 (nil) does not define feature liga for script latn
 with language dflt

Package fontspec Warning: OpenType feature 'Ligatures=TeX,Common' (liga) not
(fontspec)                available for font 'TimesNewRoman' with script
(fontspec)                'Latin' and language 'Default'.

Package mathfont Info: Adjusting font Times New Roman Bold-3.
luaotfload | aux : font no 35 (nil) does not define feature liga for script latn
 with language dflt

Package fontspec Warning: OpenType feature 'Ligatures=TeX,Common' (liga) not
(fontspec)                available for font 'TimesNewRoman/B' with script
(fontspec)                'Latin' and language 'Default'.

luaotfload | aux : font no 35 (nil) does not define feature liga for script latn
 with language dflt

Package fontspec Warning: OpenType feature 'Ligatures=TeX,Common' (liga) not
(fontspec)                available for font 'TimesNewRoman/B' with script
(fontspec)                'Latin' and language 'Default'.

Package mathfont Info: Adjusting font Times New Roman Italic-4.
luaotfload | aux : font no 36 (nil) does not define feature liga for script latn
 with language dflt

Package fontspec Warning: OpenType feature 'Ligatures=TeX,Common' (liga) not
(fontspec)                available for font 'TimesNewRoman/I' with script
(fontspec)                'Latin' and language 'Default'.

luaotfload | aux : font no 36 (nil) does not define feature liga for script latn
 with language dflt

Package fontspec Warning: OpenType feature 'Ligatures=TeX,Common' (liga) not
(fontspec)                available for font 'TimesNewRoman/I' with script
(fontspec)                'Latin' and language 'Default'.

Package mathfont Info: Adjusting font Times New Roman Bold Italic-4.
luaotfload | aux : font no 37 (nil) does not define feature liga for script latn
 with language dflt

Package fontspec Warning: OpenType feature 'Ligatures=TeX,Common' (liga) not
(fontspec)                available for font 'TimesNewRoman/BI' with script
(fontspec)                'Latin' and language 'Default'.

luaotfload | aux : font no 37 (nil) does not define feature liga for script latn
 with language dflt

Package fontspec Warning: OpenType feature 'Ligatures=TeX,Common' (liga) not
(fontspec)                available for font 'TimesNewRoman/BI' with script
(fontspec)                'Latin' and language 'Default'.


Package fontspec Info: Font family 'TimesNewRoman(2)' created for font 'Times
(fontspec)             New Roman' with options
(fontspec)             [Script=Latin,Language=Default,Ligatures={TeX,Common},Nu
mbers=Lining,Renderer=Base].
(fontspec)              
(fontspec)              This font family consists of the following NFSS
(fontspec)             series/shapes:
(fontspec)              
(fontspec)             - 'normal' (m/n) with NFSS spec.:
(fontspec)             <->"TimesNewRoman:mode=base;script=latn;language=dflt;+t
lig;+lnum;"
(fontspec)             - 'small caps'  (m/sc) with NFSS spec.:
(fontspec)             <->"TimesNewRoman:mode=base;script=latn;language=dflt;+t
lig;+lnum;+smcp;"
(fontspec)             - 'bold' (b/n) with NFSS spec.:
(fontspec)             <->"TimesNewRoman/B:mode=base;script=latn;language=dflt;
+tlig;+lnum;"
(fontspec)             - 'bold small caps'  (b/sc) with NFSS spec.:
(fontspec)             <->"TimesNewRoman/B:mode=base;script=latn;language=dflt;
+tlig;+lnum;+smcp;"
(fontspec)             - 'italic' (m/it) with NFSS spec.:
(fontspec)             <->"TimesNewRoman/I:mode=base;script=latn;language=dflt;
+tlig;+lnum;"
(fontspec)             - 'italic small caps'  (m/scit) with NFSS spec.:
(fontspec)             <->"TimesNewRoman/I:mode=base;script=latn;language=dflt;
+tlig;+lnum;+smcp;"
(fontspec)             - 'bold italic' (b/it) with NFSS spec.:
(fontspec)             <->"TimesNewRoman/BI:mode=base;script=latn;language=dflt
;+tlig;+lnum;"
(fontspec)             - 'bold italic small caps'  (b/scit) with NFSS spec.:
(fontspec)             <->"TimesNewRoman/BI:mode=base;script=latn;language=dflt
;+tlig;+lnum;+smcp;"


Package mathfont Info: Declaring new symbol font from Times New Roman!
NFSS Family Name:  TimesNewRoman(2)
Series/Shape Info: m/it
Symbol Font Name:  Mitalic0

\symMitalic0=\mathgroup4
Package mathfont Info: Setting upper chars to Times New Roman!
Package mathfont Info: Setting lower chars to Times New Roman!
LaTeX Font Info:    Redeclaring math symbol \imath on input line 35.
LaTeX Font Info:    Redeclaring math symbol \jmath on input line 35.
LaTeX Font Info:    Redeclaring math symbol \hbar on input line 35.

Package mathfont Info: Declaring new symbol font from Times New Roman!
NFSS Family Name:  TimesNewRoman(2)
Series/Shape Info: m/n
Symbol Font Name:  Mupright0

\symMupright0=\mathgroup5
Package mathfont Info: Setting digits chars to Times New Roman!

:: mathfont :: Using font Times New Roman on line 35.
Character classes changed:
upper (italic)
lower (italic)
digits (upright)
\c@firstContentPageIndex=\count322
\customfontsize=\skip53
LaTeX Info: Redefining \title on input line 95.
LaTeX Info: Redefining \year on input line 98.
\c@chapter=\count323
\c@section=\count324
\c@subsection=\count325
\c@a@figure=\count326
\c@a@table=\count327
\c@bibitem=\count328
) (C:/Users/Admin/AppData/Local/Programs/MiKTeX/tex/latex/listings/listings.sty
\lst@mode=\count329
\lst@gtempboxa=\box78
\lst@token=\toks41
\lst@length=\count330
\lst@currlwidth=\dimen275
\lst@column=\count331
\lst@pos=\count332
\lst@lostspace=\dimen276
\lst@width=\dimen277
\lst@newlines=\count333
\lst@lineno=\count334
\abovecaptionskip=\skip54
\belowcaptionskip=\skip55
\lst@maxwidth=\dimen278
(C:/Users/Admin/AppData/Local/Programs/MiKTeX/tex/latex/listings/lstmisc.sty
File: lstmisc.sty 2023/02/27 1.9 (Carsten Heinz)
\c@lstnumber=\count335
\lst@skipnumbers=\count336
\lst@framebox=\box79
)
(C:/Users/Admin/AppData/Local/Programs/MiKTeX/tex/latex/listings/listings.cfg
File: listings.cfg 2023/02/27 1.9 listings configuration
))
Package: listings 2023/02/27 1.9 (Carsten Heinz)
Package translations Info: No language package found. I am going to use `englis
h' as default language. on input line 29.
(./main.aux)
\openout1 = main.aux

LaTeX Font Info:    Checking defaults for OML/cmm/m/it on input line 29.
LaTeX Font Info:    ... okay on input line 29.
LaTeX Font Info:    Checking defaults for OMS/cmsy/m/n on input line 29.
LaTeX Font Info:    ... okay on input line 29.
LaTeX Font Info:    Checking defaults for OT1/cmr/m/n on input line 29.
LaTeX Font Info:    ... okay on input line 29.
LaTeX Font Info:    Checking defaults for T1/cmr/m/n on input line 29.
LaTeX Font Info:    ... okay on input line 29.
LaTeX Font Info:    Checking defaults for TS1/cmr/m/n on input line 29.
LaTeX Font Info:    Trying to load font information for TS1+cmr on input line 2
9.

(C:/Users/Admin/AppData/Local/Programs/MiKTeX/tex/latex/base/ts1cmr.fd
File: ts1cmr.fd 2023/04/13 v2.5m Standard LaTeX font definitions
)
LaTeX Font Info:    ... okay on input line 29.
LaTeX Font Info:    Checking defaults for TU/lmr/m/n on input line 29.
LaTeX Font Info:    ... okay on input line 29.
LaTeX Font Info:    Checking defaults for OMX/cmex/m/n on input line 29.
LaTeX Font Info:    ... okay on input line 29.
LaTeX Font Info:    Checking defaults for U/cmr/m/n on input line 29.
LaTeX Font Info:    ... okay on input line 29.

*geometry* driver: auto-detecting
*geometry* detected driver: luatex
*geometry* verbose mode - [ preamble ] result:
* driver: luatex
* paper: a4paper
* layout: <same size as paper>
* layoutoffset:(h,v)=(0.0pt,0.0pt)
* modes: includefoot 
* h-part:(L,W,R)=(85.35826pt, 455.24411pt, 56.9055pt)
* v-part:(T,H,B)=(71.13188pt, 717.00946pt, 56.9055pt)
* \paperwidth=597.50787pt
* \paperheight=845.04684pt
* \textwidth=455.24411pt
* \textheight=688.55672pt
* \oddsidemargin=13.08827pt
* \evensidemargin=13.08827pt
* \topmargin=-49.23822pt
* \headheight=15.60004pt
* \headsep=32.50008pt
* \topskip=13.00003pt
* \footskip=28.45274pt
* \marginparwidth=0.0pt
* \marginparsep=0.0pt
* \columnsep=0.0pt
* \skip\footins=12.0pt plus 4.0pt minus 4.0pt
* \hoffset=0.0pt
* \voffset=0.0pt
* \mag=1000
* \@twocolumnfalse
* \@twosidefalse
* \@mparswitchfalse
* \@reversemarginfalse
* (1in=72.27pt=25.4mm, 1cm=28.453pt)


(C:/Users/Admin/AppData/Local/Programs/MiKTeX/tex/context/base/mkii/supp-pdf.mk
ii
[Loading MPS to PDF converter (version 2006.09.02).]
\scratchcounter=\count337
\scratchdimen=\dimen279
\scratchbox=\box80
\nofMPsegments=\count338
\nofMParguments=\count339
\everyMPshowfont=\toks42
\MPscratchCnt=\count340
\MPscratchDim=\dimen280
\MPnumerator=\count341
\makeMPintoPDFobject=\count342
\everyMPtoPDFconversion=\toks43
)
(C:/Users/Admin/AppData/Local/Programs/MiKTeX/tex/latex/epstopdf-pkg/epstopdf-b
ase.sty
Package: epstopdf-base 2020-01-24 v2.11 Base part for package epstopdf
Package epstopdf-base Info: Redefining graphics rule for `.eps' on input line 4
85.

(C:/Users/Admin/AppData/Local/Programs/MiKTeX/tex/latex/00miktex/epstopdf-sys.c
fg
File: epstopdf-sys.cfg 2021/03/18 v2.0 Configuration of epstopdf for MiKTeX
))
Package mathfont Info: Restoring \Umathcode values for \mathcal.

********************************************
* Changes made by mathfont in the preamble *
********************************************

Fonts for character classes:
upper               Set to Times New Roman, italic shape
lower               Set to Times New Roman, italic shape
diacritics          No change
greekupper          No change
greeklower          No change
agreekupper         No change
agreeklower         No change
cyrillicupper       No change
cyrilliclower       No change
hebrew              No change
digits              Set to Times New Roman, upright shape
operator            No change
delimiters          No change
radical             No change
bigops              No change
extbigops           No change
symbols             No change
extsymbols          No change
arrows              No change
bb                  No change
cal                 No change
frak                No change
bcal                No change
bfrak               No change

Local font-change commands:
No local font change commands declared.


(C:/Users/Admin/AppData/Local/Programs/MiKTeX/tex/latex/translations/dicts/tran
slations-basic-dictionary-english.trsl
File: translations-basic-dictionary-english.trsl (english translation file `tra
nslations-basic-dictionary')
)
Package translations Info: loading dictionary `translations-basic-dictionary' f
or `english'. on input line 29.
\c@lstlisting=\count343
Package mathfont Info: Adjusting font Times New Roman.
Package mathfont Info: Adjusting font Times New Roman Bold.
<UET logo.pdf, id=4, 142.26378pt x 142.26378pt>
File: UET logo.pdf Graphic file (type pdf)
<use UET logo.pdf>
Package luatex.def Info: UET logo.pdf  used on input line 40.
(luatex.def)             Requested size: 85.35892pt x 85.35892pt.
Package mathfont Info: Adjusting font Times New Roman.
Package mathfont Info: Adjusting font Times New Roman Bold.
Package mathfont Info: Adjusting font Times New Roman.
Package mathfont Info: Adjusting font Times New Roman Bold. [1{C:/Users/Admin/Ap
pData/Local/MiKTeX/fonts/map/pdftex/pdftex.map}<./UET logo.pdf>] [2

]
Package mathfont Info: Adjusting font Times New Roman Bold. [3


] [4

]
Package mathfont Info: Adjusting font Times New Roman Italic-5.
Package mathfont Info: Adjusting font Times New Roman Italic-5.
Package mathfont Info: Adjusting font Times New Roman Italic-5.
Package mathfont Info: Adjusting font Times New Roman-6.
Package mathfont Info: Adjusting font Times New Roman-6.
Package mathfont Info: Adjusting font Times New Roman-6.
Package mathfont Info: Adjusting font Times New Roman Italic.
Package mathfont Info: Adjusting font Times New Roman Bold Italic. [5

]
Package mathfont Info: Adjusting font Times New Roman.
Package mathfont Info: Adjusting font Times New Roman Bold. (./main.toc
LaTeX Font Info:    Calculating math sizes for size <13.00003> on input line 1.



LaTeX Font Warning: Font shape `OT1/cmr/m/n' in size <13.00003> not available
(Font)              size <12> substituted on input line 1.


LaTeX Font Warning: Font shape `OT1/cmr/m/n' in size <6.50002> not available
(Font)              size <7> substituted on input line 1.


LaTeX Font Warning: Font shape `OML/cmm/m/it' in size <13.00003> not available
(Font)              size <12> substituted on input line 1.


LaTeX Font Warning: Font shape `OML/cmm/m/it' in size <6.50002> not available
(Font)              size <7> substituted on input line 1.


LaTeX Font Warning: Font shape `OMS/cmsy/m/n' in size <13.00003> not available
(Font)              size <12> substituted on input line 1.


LaTeX Font Warning: Font shape `OMS/cmsy/m/n' in size <6.50002> not available
(Font)              size <7> substituted on input line 1.


LaTeX Font Warning: Font shape `OMX/cmex/m/n' in size <13.00003> not available
(Font)              size <12> substituted on input line 1.

Package mathfont Info: Adjusting font Times New Roman Italic-5.
Package mathfont Info: Adjusting font Times New Roman Italic-5.
Package mathfont Info: Adjusting font Times New Roman Italic-5.
Package mathfont Info: Adjusting font Times New Roman-6.
Package mathfont Info: Adjusting font Times New Roman-6.
Package mathfont Info: Adjusting font Times New Roman-6. [6

] [7] [8])
\tf@toc=\write4

\openout4 = main.toc
 [9] (./main.lof)
\tf@lof=\write5

\openout5 = main.lof
 [10

] (./main.lot)
\tf@lot=\write6

\openout6 = main.lot
 [11

] [12

]
Package mathfont Info: Adjusting font Times New Roman.
Package mathfont Info: Adjusting font Times New Roman Bold.
Package mathfont Info: Adjusting font Times New Roman Italic. [1



]
Package mathfont Info: Adjusting font Times New Roman.
Package mathfont Info: Adjusting font Times New Roman Bold.
Underfull \hbox (badness 1596) in paragraph at lines 156--157
[]\TU/TimesNewRoman(0)/m/n/13.00003 Nghiên cứu thuật toán điều khiển PID (Proportional-Integral-Derivative) v
à
 []

[2] [3] [4] [5] [6] [7

]
Package mathfont Info: Adjusting font Times New Roman.
Package mathfont Info: Adjusting font Times New Roman Bold.
LaTeX Font Info:    Calculating math sizes for size <11.70003> on input line 31
2.
Package mathfont Info: Adjusting font Times New Roman Italic-5.
Package mathfont Info: Adjusting font Times New Roman Italic-5.
Package mathfont Info: Adjusting font Times New Roman Italic-5.
Package mathfont Info: Adjusting font Times New Roman-6.
Package mathfont Info: Adjusting font Times New Roman-6.
Package mathfont Info: Adjusting font Times New Roman-6.
Underfull \hbox (badness 10000) in paragraph at lines 314--314
[]|\TU/TimesNewRoman(0)/b/n/11.70003 Điều khiển
 []


Underfull \hbox (badness 4291) in paragraph at lines 314--314
[]|\TU/TimesNewRoman(0)/b/n/11.70003 Khối lượng di
 []


Underfull \hbox (badness 7888) in paragraph at lines 316--316
\TU/TimesNewRoman(0)/m/n/11.70003 xe theo hướng
 []


Underfull \hbox (badness 10000) in paragraph at lines 316--316
[]|\TU/TimesNewRoman(0)/m/n/11.70003 Thay đổi tốc
 []


Underfull \hbox (badness 1622) in paragraph at lines 316--316
\TU/TimesNewRoman(0)/m/n/11.70003 độ bánh đà tạo
 []


Underfull \hbox (badness 10000) in paragraph at lines 316--316
[]|\TU/TimesNewRoman(0)/m/n/11.70003 Di chuyển đối
 []


Underfull \hbox (badness 10000) in paragraph at lines 316--316
\TU/TimesNewRoman(0)/m/n/11.70003 trọng thay đổi
 []


Underfull \hbox (badness 7047) in paragraph at lines 316--317
[]|\TU/TimesNewRoman(0)/m/n/11.70003 Tăng diện tích
 []


Underfull \hbox (badness 10000) in paragraph at lines 318--318
[]|\TU/TimesNewRoman(0)/m/n/11.70003 IMU (gyro +
 []


Underfull \hbox (badness 10000) in paragraph at lines 318--318
[]|\TU/TimesNewRoman(0)/m/n/11.70003 IMU (gyro +
 []


Underfull \hbox (badness 10000) in paragraph at lines 318--318
[]|\TU/TimesNewRoman(0)/m/n/11.70003 Loadcell hoặc
 []


Underfull \hbox (badness 10000) in paragraph at lines 318--319
[]|\TU/TimesNewRoman(0)/m/n/11.70003 Cảm biến tiếp
 []


Underfull \hbox (badness 10000) in paragraph at lines 320--320
[]|\TU/TimesNewRoman(0)/b/n/11.70003 Cơ cấu chấp
 []


Underfull \hbox (badness 10000) in paragraph at lines 320--320
[]|\TU/TimesNewRoman(0)/m/n/11.70003 Động cơ
 []


Underfull \hbox (badness 10000) in paragraph at lines 320--320
\TU/TimesNewRoman(0)/m/n/11.70003 DC/BLDC
 []


Underfull \hbox (badness 2173) in paragraph at lines 320--321
[]|\TU/TimesNewRoman(0)/m/n/11.70003 Động cơ servo,
 []


Underfull \hbox (badness 3375) in paragraph at lines 322--322
[]|\TU/TimesNewRoman(0)/b/n/11.70003 Thời gian đáp
 []


Underfull \hbox (badness 10000) in paragraph at lines 322--322
[]|\TU/TimesNewRoman(0)/m/n/11.70003 Trung bình
 []


Underfull \hbox (badness 4108) in paragraph at lines 324--324
[]|\TU/TimesNewRoman(0)/b/n/11.70003 Khả năng cân
 []


Underfull \hbox (badness 10000) in paragraph at lines 324--324
[]|\TU/TimesNewRoman(0)/m/n/11.70003 Không (cần di
 []


Underfull \hbox (badness 10000) in paragraph at lines 324--325
[]|\TU/TimesNewRoman(0)/m/n/11.70003 Có (ổn định
 []


Underfull \hbox (badness 2326) in paragraph at lines 326--326
[]|\TU/TimesNewRoman(0)/b/n/11.70003 Tiêu hao năng
 []


Underfull \hbox (badness 10000) in paragraph at lines 326--326
[]|\TU/TimesNewRoman(0)/m/n/11.70003 Cao khi đứng
 []


Underfull \hbox (badness 10000) in paragraph at lines 326--326
[]|\TU/TimesNewRoman(0)/m/n/11.70003 Cao (bánh đà
 []


Underfull \hbox (badness 10000) in paragraph at lines 328--328
[]|\TU/TimesNewRoman(0)/b/n/11.70003 Độ phức tạp
 []


Underfull \hbox (badness 1622) in paragraph at lines 328--328
[]|\TU/TimesNewRoman(0)/m/n/11.70003 Cao (hệ bất ổn
 []


Underfull \hbox (badness 2142) in paragraph at lines 334--334
[]|\TU/TimesNewRoman(0)/b/n/11.70003 Tính linh hoạt
 []


Underfull \hbox (badness 1990) in paragraph at lines 336--336
[]|\TU/TimesNewRoman(0)/b/n/11.70003 Ứng dụng tiêu
 []


Underfull \hbox (badness 10000) in paragraph at lines 336--336
[]|\TU/TimesNewRoman(0)/m/n/11.70003 Segway, robot
 []


Underfull \hbox (badness 10000) in paragraph at lines 336--337
[]|\TU/TimesNewRoman(0)/m/n/11.70003 Robot công
 []


Underfull \hbox (badness 10000) in paragraph at lines 338--338
[]|\TU/TimesNewRoman(0)/b/n/11.70003 Chi phí triển
 []


Overfull \hbox (17.22664pt too wide) in paragraph at lines 312--341
 [][] 
 []

[8] [9] [10]
Package mathfont Info: Adjusting font Times New Roman.
Package mathfont Info: Adjusting font Times New Roman. [11] [12]
Package mathfont Info: Adjusting font LMMono12-Regular. [13]
Missing character: There is no ° (U+00B0) in font cmr12!
[14] [15]
(C:/Users/Admin/AppData/Local/Programs/MiKTeX/tex/latex/listings/lstlang1.sty
File: lstlang1.sty 2023/02/27 1.9 listings language file
)
(C:/Users/Admin/AppData/Local/Programs/MiKTeX/tex/latex/listings/lstlang1.sty
File: lstlang1.sty 2023/02/27 1.9 listings language file
)
(C:/Users/Admin/AppData/Local/Programs/MiKTeX/tex/latex/listings/lstmisc.sty
File: lstmisc.sty 2023/02/27 1.9 (Carsten Heinz)
)
Package mathfont Info: Adjusting font LMMono10-Regular.
Package mathfont Info: Adjusting font Times New Roman.
LaTeX Font Info:    Font shape `TU/lmtt/bx/n' in size <10.40002> not available
(Font)              Font shape `TU/lmtt/b/n' tried instead on input line 604.
Package mathfont Info: Adjusting font LMMonoLt10-Bold.
LaTeX Font Info:    Font shape `TU/lmtt/bx/n' in size <13.00003> not available
(Font)              Font shape `TU/lmtt/b/n' tried instead on input line 615.
Package mathfont Info: Adjusting font LMMonoLt10-Bold.
[16] [17] [18] [19] [20] [21] [22] [23] [24

] [25]
<hinh/so-do-khoi.png, id=135, 1806.75pt x 1003.75pt>
File: hinh/so-do-khoi.png Graphic file (type png)
<use hinh/so-do-khoi.png>
Package luatex.def Info: hinh/so-do-khoi.png  used on input line 976.
(luatex.def)             Requested size: 432.48051pt x 240.26164pt.
 [26] [27<./hinh/so-do-khoi.png>]
<hinh/so-do-nguyen-ly.png, id=142, 2409.0pt x 1806.75pt>
File: hinh/so-do-nguyen-ly.png Graphic file (type png)
<use hinh/so-do-nguyen-ly.png>
Package luatex.def Info: hinh/so-do-nguyen-ly.png  used on input line 1053.
(luatex.def)             Requested size: 455.24411pt x 341.41139pt.
 [28] [29<./hinh/so-do-nguyen-ly.png>]
Underfull \hbox (badness 4981) in paragraph at lines 1070--1071
[]\TU/TimesNewRoman(0)/m/n/13.00003 Nhiệm vụ nền chạy mỗi vòng lặp (kho
ảng 10 $\OML/cmm/m/it/11.70003 $\TU/TimesNewRoman(0)/m/n/13.00003 s) bao g
ồm gọi hàm
 []


Underfull \hbox (badness 1789) in paragraph at lines 1070--1071
\TU/TimesNewRoman(0)/m/n/13.00003 LoadCell.update() để kiểm tra dữ li
ệu mới một cách non-blocking và gọi hàm
 []

<hinh/luu-do-homing.png, id=150, 1304.875pt x 2107.875pt>
File: hinh/luu-do-homing.png Graphic file (type png)
<use hinh/luu-do-homing.png>
Package luatex.def Info: hinh/luu-do-homing.png  used on input line 1082.
(luatex.def)             Requested size: 295.90588pt x 477.98239pt.
[30] [31<./hinh/luu-do-homing.png>]
<hinh/luu-do-pid.png, id=157, 1505.625pt x 2208.25pt>
File: hinh/luu-do-pid.png Graphic file (type png)
<use hinh/luu-do-pid.png>
Package luatex.def Info: hinh/luu-do-pid.png  used on input line 1097.
(luatex.def)             Requested size: 341.43307pt x 500.77715pt.
 [32<./hinh/luu-do-pid.png>] [33] [34]
[35

] [36] [37

] [38]
Underfull \hbox (badness 10000) in paragraph at lines 1280--1284
[]\TU/TimesNewRoman(0)/m/n/13.00003 Mike McCauley, ``AccelStepper Library for Ar
duino'', \TU/TimesNewRoman(0)/m/it/13.00003 AirSpayce\TU/TimesNewRoman(0)/m/n/1
3.00003 , 2023,
 []


Underfull \hbox (badness 10000) in paragraph at lines 1286--1290
[]\TU/TimesNewRoman(0)/m/n/13.00003 Olav Kallhovd, ``HX711_ADC Library'', \TU/T
imesNewRoman(0)/m/it/13.00003 GitHub Repository\TU/TimesNewRoman(0)/m/n/13.0000
3 , 2023,
 []


Underfull \hbox (badness 10000) in paragraph at lines 1292--1296
[]\TU/TimesNewRoman(0)/m/n/13.00003 Arduino, ``Arduino Reference'', \TU/TimesNe
wRoman(0)/m/it/13.00003 Arduino Documentation\TU/TimesNewRoman(0)/m/n/13.00003 
, 2023,
 []

[39

] [40

] [41] [42] [43] (./main.aux)
 ***********
LaTeX2e <2023-11-01> patch level 1
L3 programming layer <2024-01-04>
 ***********


LaTeX Font Warning: Size substitutions with differences
(Font)              up to 1.00003pt have occurred.

)

Here is how much of LuaTeX's memory you used:
 22912 strings out of 476497
 597210,1977958 words of node,token memory allocated
 655 words of node memory still in use:
   6 hlist, 2 vlist, 2 rule, 2 glue, 4 kern, 1 glyph, 48 attribute, 52 glue_spec
, 48 attribute_list, 2 write nodes
   avail lists: 1:2,2:6659,3:381,4:9738,5:9354,6:142,7:16469,8:42,9:28127,10:34,
11:1467
 44443 multiletter control sequences out of 65536+600000
 117 fonts using 54763471 bytes
 99i,10n,116p,1019b,747s stack positions out of 10000i,1000n,20000p,200000b,200000s
<//?/c:/users/admin/appdata/local/programs/miktex/fonts/opentype/public/lm/lmmon
o10-regular.otf><//?/c:/users/admin/appdata/local/programs/miktex/fonts/opentype
/public/lm/lmmonolt10-bold.otf><//?/c:/users/admin/appdata/local/programs/miktex
/fonts/opentype/public/lm/lmmono12-regular.otf><C:/WINDOWS/Fonts/times.ttf><C:/W
INDOWS/Fonts/timesi.ttf><C:/WINDOWS/Fonts/timesi.ttf><C:/WINDOWS/Fonts/timesbi.t
tf><C:/WINDOWS/Fonts/times.ttf><C:/WINDOWS/Fonts/timesbd.ttf><C:/Users/Admin/App
Data/Local/Programs/MiKTeX/fonts/type1/public/amsfonts/cm/cmex10.pfb><C:/Users/A
dmin/AppData/Local/Programs/MiKTeX/fonts/type1/public/amsfonts/cm/cmmi12.pfb><C:
/Users/Admin/AppData/Local/Programs/MiKTeX/fonts/type1/public/amsfonts/cm/cmmi9.
pfb><C:/Users/Admin/AppData/Local/Programs/MiKTeX/fonts/type1/public/amsfonts/cm
/cmr12.pfb><C:/Users/Admin/AppData/Local/Programs/MiKTeX/fonts/type1/public/amsf
onts/cm/cmr9.pfb><C:/Users/Admin/AppData/Local/Programs/MiKTeX/fonts/type1/publi
c/amsfonts/cm/cmsy10.pfb>
Output written on main.pdf (55 pages, 956757 bytes).

PDF statistics: 269 PDF objects out of 1000 (max. 8388607)
 0 named destinations out of 1000 (max. 131072)
 16 words of extra memory for PDF output out of 10000 (max. 100000000)

